Build started 16/07/2014 22:57:48.
     1>Project "C:\Users\NiR\documents\visual studio 2010\Projects\NET_VNEDITOR\NET_VNEDITOR\NET_VNEDITOR.vcxproj" on node 2 (build target(s)).
     1>InitializeBuildStatus:
         Creating "Debug\NET_VNEDITOR.unsuccessfulbuild" because "AlwaysCreate" was specified.
       GenerateTargetFrameworkMonikerAttribute:
       Skipping target "GenerateTargetFrameworkMonikerAttribute" because all output files are up-to-date with respect to the input files.
       ClCompile:
         All outputs are up-to-date.
         D:\Program Files (x86)\Microsoft Visual Studio 10.0\VC\bin\CL.exe /c /AI"C:\Program Files (x86)\Reference Assemblies\Microsoft\Framework\.NETFramework\v4.0" /Zi /clr:pure /nologo /W3 /WX- /Od /Oy- /D WIN32 /D _DEBUG /D _UNICODE /D UNICODE /EHa /MDd /GS /fp:precise /Zc:wchar_t /Zc:forScope /Yu"StdAfx.h" /Fp"Debug\NET_VNEDITOR.pch" /Fo"Debug\\" /Fd"Debug\vc100.pdb" /TP /FU"C:\Program Files (x86)\Reference Assemblies\Microsoft\Framework\.NETFramework\v4.0\System.Core.dll" /FU"C:\Program Files (x86)\Reference Assemblies\Microsoft\Framework\.NETFramework\v4.0\System.Data.dll" /FU"C:\Program Files (x86)\Reference Assemblies\Microsoft\Framework\.NETFramework\v4.0\System.dll" /FU"C:\Program Files (x86)\Reference Assemblies\Microsoft\Framework\.NETFramework\v4.0\System.Drawing.dll" /FU"C:\Program Files (x86)\Reference Assemblies\Microsoft\Framework\.NETFramework\v4.0\System.Windows.Forms.dll" /FU"C:\Program Files (x86)\Reference Assemblies\Microsoft\Framework\.NETFramework\v4.0\System.Xml.dll" /analyze- /errorReport:prompt NET_VNEDITOR.cpp /clr:nostdlib 
         NET_VNEDITOR.cpp
     1>c:\users\nir\documents\visual studio 2010\projects\net_vneditor\net_vneditor\Form1.h(1004): warning C4101: 'ex' : unreferenced local variable
         All outputs are up-to-date.
       CoreResGen:
         No resources are out of date with respect to their source files. Skipping resource generation.
       ResourceCompile:
         All outputs are up-to-date.
       Link:
         D:\Program Files (x86)\Microsoft Visual Studio 10.0\VC\bin\link.exe /ERRORREPORT:PROMPT /OUT:"C:\Users\NiR\documents\visual studio 2010\Projects\NET_VNEDITOR\Debug\NET_VNEDITOR.exe" /INCREMENTAL /NOLOGO /ASSEMBLYRESOURCE:Debug\NET_VNEDITOR.CDialog.resources /ASSEMBLYRESOURCE:Debug\NET_VNEDITOR.ChoiceDialog.resources /ASSEMBLYRESOURCE:Debug\NET_VNEDITOR.Form1.resources /MANIFEST /ManifestFile:"Debug\NET_VNEDITOR.exe.intermediate.manifest" /MANIFESTUAC:"level='asInvoker' uiAccess='false'" /DEBUG /PDB:"C:\Users\NiR\documents\visual studio 2010\Projects\NET_VNEDITOR\Debug\NET_VNEDITOR.pdb" /ASSEMBLYDEBUG /SUBSYSTEM:WINDOWS /TLBID:1 /ENTRY:"main" /DYNAMICBASE /FIXED:NO /NXCOMPAT /MACHINE:X86 Debug\app.res
         Debug\AssemblyInfo.obj
         Debug\NET_VNEDITOR.obj
         Debug\stdafx.obj
         "Debug\.NETFramework,Version=v4.0.AssemblyAttributes.obj"
         NET_VNEDITOR.vcxproj -> C:\Users\NiR\documents\visual studio 2010\Projects\NET_VNEDITOR\Debug\NET_VNEDITOR.exe
       Manifest:
         C:\Program Files (x86)\Microsoft SDKs\Windows\v7.0A\bin\mt.exe /nologo /verbose /outputresource:"C:\Users\NiR\documents\visual studio 2010\Projects\NET_VNEDITOR\Debug\NET_VNEDITOR.exe;#1" /manifest Debug\NET_VNEDITOR.exe.intermediate.manifest
       FinalizeBuildStatus:
         Deleting file "Debug\NET_VNEDITOR.unsuccessfulbuild".
         Touching "Debug\NET_VNEDITOR.lastbuildstate".
     1>Done Building Project "C:\Users\NiR\documents\visual studio 2010\Projects\NET_VNEDITOR\NET_VNEDITOR\NET_VNEDITOR.vcxproj" (build target(s)).

Build succeeded.

Time Elapsed 00:00:08.24
