Build started 10/02/2015 23:39:06.
     1>Project "C:\Users\NiR\documents\visual studio 2010\Projects\NET_VNEDITOR\NET_VNEDITOR\NET_VNEDITOR.vcxproj" on node 2 (build target(s)).
     1>InitializeBuildStatus:
         Creating "Release\NET_VNEDITOR.unsuccessfulbuild" because "AlwaysCreate" was specified.
       GenerateTargetFrameworkMonikerAttribute:
       Skipping target "GenerateTargetFrameworkMonikerAttribute" because all output files are up-to-date with respect to the input files.
       ClCompile:
         All outputs are up-to-date.
         D:\Program Files (x86)\Microsoft Visual Studio 10.0\VC\bin\CL.exe /c /AI"C:\Program Files (x86)\Reference Assemblies\Microsoft\Framework\.NETFramework\v4.0" /Zi /clr:pure /nologo /W3 /WX- /O2 /Oy- /D WIN32 /D NDEBUG /D _UNICODE /D UNICODE /EHa /MD /GS /fp:precise /Zc:wchar_t /Zc:forScope /Yu"StdAfx.h" /Fp"Release\NET_VNEDITOR.pch" /Fo"Release\\" /Fd"Release\vc100.pdb" /TP /FU"C:\Program Files (x86)\Reference Assemblies\Microsoft\Framework\.NETFramework\v4.0\System.Core.dll" /FU"C:\Program Files (x86)\Reference Assemblies\Microsoft\Framework\.NETFramework\v4.0\System.Data.dll" /FU"C:\Program Files (x86)\Reference Assemblies\Microsoft\Framework\.NETFramework\v4.0\System.dll" /FU"C:\Program Files (x86)\Reference Assemblies\Microsoft\Framework\.NETFramework\v4.0\System.Drawing.dll" /FU"C:\Program Files (x86)\Reference Assemblies\Microsoft\Framework\.NETFramework\v4.0\System.Windows.Forms.dll" /FU"C:\Program Files (x86)\Reference Assemblies\Microsoft\Framework\.NETFramework\v4.0\System.Xml.dll" /analyze- /errorReport:prompt NET_VNEDITOR.cpp /clr:nostdlib 
         NET_VNEDITOR.cpp
     1>c:\users\nir\documents\visual studio 2010\projects\net_vneditor\net_vneditor\Form1.h(1036): warning C4101: 'ex' : unreferenced local variable
         All outputs are up-to-date.
       CoreResGen:
         "C:\Program Files (x86)\Microsoft SDKs\Windows\v7.0A\bin\NETFX 4.0 Tools\resgen.exe" /useSourcePath /r:"C:\Program Files (x86)\Reference Assemblies\Microsoft\Framework\.NETFramework\v4.0\System.Core.dll" /r:"C:\Program Files (x86)\Reference Assemblies\Microsoft\Framework\.NETFramework\v4.0\System.Data.dll" /r:"C:\Program Files (x86)\Reference Assemblies\Microsoft\Framework\.NETFramework\v4.0\System.dll" /r:"C:\Program Files (x86)\Reference Assemblies\Microsoft\Framework\.NETFramework\v4.0\System.Drawing.dll" /r:"C:\Program Files (x86)\Reference Assemblies\Microsoft\Framework\.NETFramework\v4.0\System.Windows.Forms.dll" /r:"C:\Program Files (x86)\Reference Assemblies\Microsoft\Framework\.NETFramework\v4.0\System.Xml.dll" /compile Form1.resX,Release\NET_VNEDITOR.Form1.resources
         Processing resource file "Form1.resX" into "Release\NET_VNEDITOR.Form1.resources".
       ResourceCompile:
         All outputs are up-to-date.
       Link:
         D:\Program Files (x86)\Microsoft Visual Studio 10.0\VC\bin\link.exe /ERRORREPORT:PROMPT /OUT:"C:\Users\NiR\documents\visual studio 2010\Projects\NET_VNEDITOR\Release\NET_VNEDITOR.exe" /INCREMENTAL:NO /NOLOGO /ASSEMBLYRESOURCE:Release\NET_VNEDITOR.CDialog.resources /ASSEMBLYRESOURCE:Release\NET_VNEDITOR.ChoiceDialog.resources /ASSEMBLYRESOURCE:Release\NET_VNEDITOR.Form1.resources /MANIFEST /ManifestFile:"Release\NET_VNEDITOR.exe.intermediate.manifest" /MANIFESTUAC:"level='asInvoker' uiAccess='false'" /DEBUG /PDB:"C:\Users\NiR\documents\visual studio 2010\Projects\NET_VNEDITOR\Release\NET_VNEDITOR.pdb" /SUBSYSTEM:WINDOWS /TLBID:1 /ENTRY:"main" /DYNAMICBASE /FIXED:NO /NXCOMPAT /MACHINE:X86 Release\app.res
         Release\AssemblyInfo.obj
         Release\NET_VNEDITOR.obj
         Release\stdafx.obj
         "Release\.NETFramework,Version=v4.0.AssemblyAttributes.obj"
         NET_VNEDITOR.vcxproj -> C:\Users\NiR\documents\visual studio 2010\Projects\NET_VNEDITOR\Release\NET_VNEDITOR.exe
       Manifest:
         C:\Program Files (x86)\Microsoft SDKs\Windows\v7.0A\bin\mt.exe /nologo /verbose /outputresource:"C:\Users\NiR\documents\visual studio 2010\Projects\NET_VNEDITOR\Release\NET_VNEDITOR.exe;#1" /manifest Release\NET_VNEDITOR.exe.intermediate.manifest
       FinalizeBuildStatus:
         Deleting file "Release\NET_VNEDITOR.unsuccessfulbuild".
         Touching "Release\NET_VNEDITOR.lastbuildstate".
     1>Done Building Project "C:\Users\NiR\documents\visual studio 2010\Projects\NET_VNEDITOR\NET_VNEDITOR\NET_VNEDITOR.vcxproj" (build target(s)).

Build succeeded.

Time Elapsed 00:00:01.16
